2018-07-06 18:32:04.895  INFO 14384 --- [main] c.t.serviexpress.web.frontend.Frontend   : Starting Frontend on DESKTOP-RFQ00T8 with PID 14384 (C:\Users\nippo\Documents\GitHub\Taller\taller-serviexpress\taller-serviexpress-web-frontend\target\classes started by nippo in C:\Users\nippo\Documents\GitHub\Taller\taller-serviexpress\taller-serviexpress-web-frontend)
2018-07-06 18:32:04.899  INFO 14384 --- [main] c.t.serviexpress.web.frontend.Frontend   : No active profile set, falling back to default profiles: default
2018-07-06 18:32:05.313  INFO 14384 --- [main] ationConfigEmbeddedWebApplicationContext : Refreshing org.springframework.boot.context.embedded.AnnotationConfigEmbeddedWebApplicationContext@61d47554: startup date [Fri Jul 06 18:32:05 CLT 2018]; root of context hierarchy
2018-07-06 18:32:06.242  INFO 14384 --- [main] o.s.b.f.xml.XmlBeanDefinitionReader      : Loading XML bean definitions from URL [file:/C:/Users/nippo/Documents/GitHub/Taller/taller-serviexpress/taller-serviexpress-web-frontend/target/classes/META-INF/spring/cl/taller/serviexpress/web/frontend/beans.xml]
2018-07-06 18:32:06.447  INFO 14384 --- [main] o.s.b.f.xml.XmlBeanDefinitionReader      : Loading XML bean definitions from URL [jar:file:/C:/Users/nippo/.m2/repository/cl/taller/serviexpress/taller-serviexpress-services-impl/0.0.1-SNAPSHOT/taller-serviexpress-services-impl-0.0.1-SNAPSHOT.jar!/META-INF/spring/cl/taller/serviexpress/services/impl/beans.xml]
2018-07-06 18:32:06.521  INFO 14384 --- [main] o.s.b.f.xml.XmlBeanDefinitionReader      : Loading XML bean definitions from URL [jar:file:/C:/Users/nippo/.m2/repository/cl/taller/serviexpress/taller-serviexpress-dao-hibernate/0.0.1-SNAPSHOT/taller-serviexpress-dao-hibernate-0.0.1-SNAPSHOT.jar!/META-INF/spring/cl/taller/serviexpress/dao/hibernate/beans.xml]
2018-07-06 18:32:06.787  INFO 14384 --- [main] o.s.b.f.s.DefaultListableBeanFactory     : Overriding bean definition for bean 'mvcContentNegotiationManager' with a different definition: replacing [Root bean: class [org.springframework.web.accept.ContentNegotiationManagerFactoryBean]; scope=; abstract=false; lazyInit=false; autowireMode=0; dependencyCheck=0; autowireCandidate=true; primary=false; factoryBeanName=null; factoryMethodName=null; initMethodName=null; destroyMethodName=null] with [Root bean: class [null]; scope=; abstract=false; lazyInit=false; autowireMode=3; dependencyCheck=0; autowireCandidate=true; primary=false; factoryBeanName=org.springframework.boot.autoconfigure.web.WebMvcAutoConfiguration$EnableWebMvcConfiguration; factoryMethodName=mvcContentNegotiationManager; initMethodName=null; destroyMethodName=(inferred); defined in class path resource [org/springframework/boot/autoconfigure/web/WebMvcAutoConfiguration$EnableWebMvcConfiguration.class]]
2018-07-06 18:32:06.788  INFO 14384 --- [main] a.ConfigurationClassBeanDefinitionReader : Skipping bean definition for [BeanMethod:name=mvcUriComponentsContributor,declaringClass=org.springframework.web.servlet.config.annotation.WebMvcConfigurationSupport]: a definition for bean 'mvcUriComponentsContributor' already exists. This top-level bean definition is considered as an override.
2018-07-06 18:32:06.900  INFO 14384 --- [main] o.s.b.f.s.DefaultListableBeanFactory     : Overriding bean definition for bean 'org.springframework.transaction.config.internalTransactionAdvisor' with a different definition: replacing [Root bean: class [org.springframework.transaction.interceptor.BeanFactoryTransactionAttributeSourceAdvisor]; scope=; abstract=false; lazyInit=false; autowireMode=0; dependencyCheck=0; autowireCandidate=true; primary=false; factoryBeanName=null; factoryMethodName=null; initMethodName=null; destroyMethodName=null] with [Root bean: class [null]; scope=; abstract=false; lazyInit=false; autowireMode=3; dependencyCheck=0; autowireCandidate=true; primary=false; factoryBeanName=org.springframework.transaction.annotation.ProxyTransactionManagementConfiguration; factoryMethodName=transactionAdvisor; initMethodName=null; destroyMethodName=(inferred); defined in class path resource [org/springframework/transaction/annotation/ProxyTransactionManagementConfiguration.class]]
2018-07-06 18:32:06.900  INFO 14384 --- [main] a.ConfigurationClassBeanDefinitionReader : Skipping bean definition for [BeanMethod:name=transactionalEventListenerFactory,declaringClass=org.springframework.transaction.annotation.AbstractTransactionManagementConfiguration]: a definition for bean 'org.springframework.transaction.config.internalTransactionalEventListenerFactory' already exists. This top-level bean definition is considered as an override.
2018-07-06 18:32:07.585  INFO 14384 --- [main] trationDelegate$BeanPostProcessorChecker : Bean 'conversionService' of type [org.springframework.format.support.FormattingConversionServiceFactoryBean] is not eligible for getting processed by all BeanPostProcessors (for example: not eligible for auto-proxying)
2018-07-06 18:32:07.586  INFO 14384 --- [main] trationDelegate$BeanPostProcessorChecker : Bean 'conversionService' of type [org.springframework.format.support.DefaultFormattingConversionService] is not eligible for getting processed by all BeanPostProcessors (for example: not eligible for auto-proxying)
2018-07-06 18:32:08.575  INFO 14384 --- [main] s.b.c.e.t.TomcatEmbeddedServletContainer : Tomcat initialized with port(s): 8001 (http)
2018-07-06 18:32:08.608  INFO 14384 --- [main] o.apache.catalina.core.StandardService   : Starting service [Tomcat]
2018-07-06 18:32:08.610  INFO 14384 --- [main] org.apache.catalina.core.StandardEngine  : Starting Servlet Engine: Apache Tomcat/8.5.16
2018-07-06 18:32:08.808  INFO 14384 --- [localhost-startStop-1] o.a.c.c.C.[.[localhost].[/serviexpress]  : Initializing Spring embedded WebApplicationContext
2018-07-06 18:32:08.809  INFO 14384 --- [localhost-startStop-1] o.s.web.context.ContextLoader            : Root WebApplicationContext: initialization completed in 3500 ms
2018-07-06 18:32:09.081  INFO 14384 --- [localhost-startStop-1] o.s.b.w.servlet.FilterRegistrationBean   : Mapping filter: 'characterEncodingFilter' to: [/*]
2018-07-06 18:32:09.082  INFO 14384 --- [localhost-startStop-1] o.s.b.w.servlet.FilterRegistrationBean   : Mapping filter: 'hiddenHttpMethodFilter' to: [/*]
2018-07-06 18:32:09.083  INFO 14384 --- [localhost-startStop-1] o.s.b.w.servlet.FilterRegistrationBean   : Mapping filter: 'httpPutFormContentFilter' to: [/*]
2018-07-06 18:32:09.087  INFO 14384 --- [localhost-startStop-1] o.s.b.w.servlet.FilterRegistrationBean   : Mapping filter: 'requestContextFilter' to: [/*]
2018-07-06 18:32:09.088  INFO 14384 --- [localhost-startStop-1] .s.DelegatingFilterProxyRegistrationBean : Mapping filter: 'springSecurityFilterChain' to: [/*]
2018-07-06 18:32:09.089  INFO 14384 --- [localhost-startStop-1] o.s.b.w.servlet.ServletRegistrationBean  : Mapping servlet: 'dispatcherServlet' to [/]
2018-07-06 18:32:29.585  INFO 14384 --- [main] java.sql.DatabaseMetaData                : HHH000262: Table not found: AUDITORIA
2018-07-06 18:32:29.755  INFO 14384 --- [main] java.sql.DatabaseMetaData                : HHH000262: Table not found: DATOS_EMPLEADOS
2018-07-06 18:32:29.919  INFO 14384 --- [main] java.sql.DatabaseMetaData                : HHH000262: Table not found: FACTURA
2018-07-06 18:32:30.082  INFO 14384 --- [main] java.sql.DatabaseMetaData                : HHH000262: Table not found: FACTURA_PRODUCTO
2018-07-06 18:32:30.247  INFO 14384 --- [main] java.sql.DatabaseMetaData                : HHH000262: Table not found: FACTURA_SERVICIO
2018-07-06 18:32:30.413  INFO 14384 --- [main] java.sql.DatabaseMetaData                : HHH000262: Table not found: FAMILIAPRODUCTO
2018-07-06 18:32:30.575  INFO 14384 --- [main] java.sql.DatabaseMetaData                : HHH000262: Table not found: ORDENCOMPRA
2018-07-06 18:32:30.739  INFO 14384 --- [main] java.sql.DatabaseMetaData                : HHH000262: Table not found: ORDEN_PRODUCTO
2018-07-06 18:32:30.903  INFO 14384 --- [main] java.sql.DatabaseMetaData                : HHH000262: Table not found: PERFIL
2018-07-06 18:32:31.068  INFO 14384 --- [main] java.sql.DatabaseMetaData                : HHH000262: Table not found: PRODUCTO
2018-07-06 18:32:31.233  INFO 14384 --- [main] java.sql.DatabaseMetaData                : HHH000262: Table not found: RECEPCION
2018-07-06 18:32:31.402  INFO 14384 --- [main] java.sql.DatabaseMetaData                : HHH000262: Table not found: RECEPCION_PRODUCTO
2018-07-06 18:32:31.569  INFO 14384 --- [main] java.sql.DatabaseMetaData                : HHH000262: Table not found: RESERVA
2018-07-06 18:32:31.735  INFO 14384 --- [main] java.sql.DatabaseMetaData                : HHH000262: Table not found: SERVICIO
2018-07-06 18:32:31.900  INFO 14384 --- [main] java.sql.DatabaseMetaData                : HHH000262: Table not found: TIPOPRODUCTO
2018-07-06 18:32:32.066  INFO 14384 --- [main] java.sql.DatabaseMetaData                : HHH000262: Table not found: USUARIO
2018-07-06 18:32:32.228  INFO 14384 --- [main] java.sql.DatabaseMetaData                : HHH000262: Table not found: AUDITORIA
2018-07-06 18:32:32.395  INFO 14384 --- [main] java.sql.DatabaseMetaData                : HHH000262: Table not found: DATOS_EMPLEADOS
2018-07-06 18:32:32.561  INFO 14384 --- [main] java.sql.DatabaseMetaData                : HHH000262: Table not found: FACTURA
2018-07-06 18:32:32.724  INFO 14384 --- [main] java.sql.DatabaseMetaData                : HHH000262: Table not found: FACTURA_PRODUCTO
2018-07-06 18:32:32.887  INFO 14384 --- [main] java.sql.DatabaseMetaData                : HHH000262: Table not found: FACTURA_SERVICIO
2018-07-06 18:32:33.051  INFO 14384 --- [main] java.sql.DatabaseMetaData                : HHH000262: Table not found: FAMILIAPRODUCTO
2018-07-06 18:32:33.217  INFO 14384 --- [main] java.sql.DatabaseMetaData                : HHH000262: Table not found: ORDENCOMPRA
2018-07-06 18:32:33.380  INFO 14384 --- [main] java.sql.DatabaseMetaData                : HHH000262: Table not found: ORDEN_PRODUCTO
2018-07-06 18:32:33.544  INFO 14384 --- [main] java.sql.DatabaseMetaData                : HHH000262: Table not found: PERFIL
2018-07-06 18:32:33.707  INFO 14384 --- [main] java.sql.DatabaseMetaData                : HHH000262: Table not found: PRODUCTO
2018-07-06 18:32:33.874  INFO 14384 --- [main] java.sql.DatabaseMetaData                : HHH000262: Table not found: RECEPCION
2018-07-06 18:32:34.038  INFO 14384 --- [main] java.sql.DatabaseMetaData                : HHH000262: Table not found: RECEPCION_PRODUCTO
2018-07-06 18:32:34.202  INFO 14384 --- [main] java.sql.DatabaseMetaData                : HHH000262: Table not found: RESERVA
2018-07-06 18:32:34.365  INFO 14384 --- [main] java.sql.DatabaseMetaData                : HHH000262: Table not found: SERVICIO
2018-07-06 18:32:34.529  INFO 14384 --- [main] java.sql.DatabaseMetaData                : HHH000262: Table not found: TIPOPRODUCTO
2018-07-06 18:32:34.692  INFO 14384 --- [main] java.sql.DatabaseMetaData                : HHH000262: Table not found: USUARIO
2018-07-06 18:32:34.854  INFO 14384 --- [main] java.sql.DatabaseMetaData                : HHH000262: Table not found: AUDITORIA
2018-07-06 18:32:35.018  INFO 14384 --- [main] java.sql.DatabaseMetaData                : HHH000262: Table not found: DATOS_EMPLEADOS
2018-07-06 18:32:35.182  INFO 14384 --- [main] java.sql.DatabaseMetaData                : HHH000262: Table not found: FACTURA
2018-07-06 18:32:35.347  INFO 14384 --- [main] java.sql.DatabaseMetaData                : HHH000262: Table not found: FACTURA_PRODUCTO
2018-07-06 18:32:35.510  INFO 14384 --- [main] java.sql.DatabaseMetaData                : HHH000262: Table not found: FACTURA_SERVICIO
2018-07-06 18:32:35.674  INFO 14384 --- [main] java.sql.DatabaseMetaData                : HHH000262: Table not found: FAMILIAPRODUCTO
2018-07-06 18:32:35.838  INFO 14384 --- [main] java.sql.DatabaseMetaData                : HHH000262: Table not found: ORDENCOMPRA
2018-07-06 18:32:36.001  INFO 14384 --- [main] java.sql.DatabaseMetaData                : HHH000262: Table not found: ORDEN_PRODUCTO
2018-07-06 18:32:36.173  INFO 14384 --- [main] java.sql.DatabaseMetaData                : HHH000262: Table not found: PERFIL
2018-07-06 18:32:36.337  INFO 14384 --- [main] java.sql.DatabaseMetaData                : HHH000262: Table not found: PRODUCTO
2018-07-06 18:32:36.501  INFO 14384 --- [main] java.sql.DatabaseMetaData                : HHH000262: Table not found: RECEPCION
2018-07-06 18:32:36.663  INFO 14384 --- [main] java.sql.DatabaseMetaData                : HHH000262: Table not found: RECEPCION_PRODUCTO
2018-07-06 18:32:36.828  INFO 14384 --- [main] java.sql.DatabaseMetaData                : HHH000262: Table not found: RESERVA
2018-07-06 18:32:36.992  INFO 14384 --- [main] java.sql.DatabaseMetaData                : HHH000262: Table not found: SERVICIO
2018-07-06 18:32:37.157  INFO 14384 --- [main] java.sql.DatabaseMetaData                : HHH000262: Table not found: TIPOPRODUCTO
2018-07-06 18:32:37.319  INFO 14384 --- [main] java.sql.DatabaseMetaData                : HHH000262: Table not found: USUARIO
2018-07-06 18:32:44.600  INFO 14384 --- [main] o.s.s.web.DefaultSecurityFilterChain     : Creating filter chain: Ant [pattern='/webjars/**'], []
2018-07-06 18:32:44.600  INFO 14384 --- [main] o.s.s.web.DefaultSecurityFilterChain     : Creating filter chain: Ant [pattern='/css/**'], []
2018-07-06 18:32:44.600  INFO 14384 --- [main] o.s.s.web.DefaultSecurityFilterChain     : Creating filter chain: Ant [pattern='/img/**'], []
2018-07-06 18:32:44.600  INFO 14384 --- [main] o.s.s.web.DefaultSecurityFilterChain     : Creating filter chain: Ant [pattern='/js/**'], []
2018-07-06 18:32:44.600  INFO 14384 --- [main] o.s.s.web.DefaultSecurityFilterChain     : Creating filter chain: Ant [pattern='/info/**'], []
2018-07-06 18:32:44.601  INFO 14384 --- [main] o.s.s.web.DefaultSecurityFilterChain     : Creating filter chain: Ant [pattern='/ajax/**'], []
2018-07-06 18:32:44.602  INFO 14384 --- [main] o.s.s.web.DefaultSecurityFilterChain     : Creating filter chain: Ant [pattern='/user/**'], []
2018-07-06 18:32:44.602  INFO 14384 --- [main] o.s.s.web.DefaultSecurityFilterChain     : Creating filter chain: Ant [pattern='/**'], []
2018-07-06 18:32:44.721  INFO 14384 --- [main] o.s.s.web.DefaultSecurityFilterChain     : Creating filter chain: org.springframework.security.web.util.matcher.AnyRequestMatcher@1, [org.springframework.security.web.context.request.async.WebAsyncManagerIntegrationFilter@32227215, org.springframework.security.web.context.SecurityContextPersistenceFilter@6d6f6860, org.springframework.security.web.header.HeaderWriterFilter@3f9b7fe1, org.springframework.security.web.authentication.logout.LogoutFilter@4b425577, org.springframework.security.web.savedrequest.RequestCacheAwareFilter@a85644c, org.springframework.security.web.servletapi.SecurityContextHolderAwareRequestFilter@515b9d4a, org.springframework.security.web.authentication.AnonymousAuthenticationFilter@108e9837, org.springframework.security.web.session.SessionManagementFilter@6af5b246, org.springframework.security.web.access.ExceptionTranslationFilter@6e02721d, org.springframework.security.web.access.intercept.FilterSecurityInterceptor@4b56b031]
2018-07-06 18:32:44.772  INFO 14384 --- [main] o.s.o.h.HibernateTransactionManager      : Using DataSource [org.apache.tomcat.jdbc.pool.DataSource@cb03411{ConnectionPool[defaultAutoCommit=null; defaultReadOnly=null; defaultTransactionIsolation=-1; defaultCatalog=null; driverClassName=oracle.jdbc.OracleDriver; maxActive=100; maxIdle=100; minIdle=10; initialSize=10; maxWait=30000; testOnBorrow=true; testOnReturn=false; timeBetweenEvictionRunsMillis=5000; numTestsPerEvictionRun=0; minEvictableIdleTimeMillis=60000; testWhileIdle=false; testOnConnect=false; password=********; url=jdbc:oracle:thin:@//mydbinstance.cal8mkx5xh77.us-east-2.rds.amazonaws.com/ORCL; username=TALLER_SERVIEXPRESS; validationQuery=SELECT 'Hello' from DUAL; validationQueryTimeout=-1; validatorClassName=null; validationInterval=3000; accessToUnderlyingConnectionAllowed=true; removeAbandoned=false; removeAbandonedTimeout=60; logAbandoned=false; connectionProperties=null; initSQL=null; jdbcInterceptors=null; jmxEnabled=true; fairQueue=true; useEquals=true; abandonWhenPercentageFull=0; maxAge=0; useLock=false; dataSource=null; dataSourceJNDI=null; suspectTimeout=0; alternateUsernameAllowed=false; commitOnReturn=false; rollbackOnReturn=false; useDisposableConnectionFacade=true; logValidationErrors=false; propagateInterruptState=false; ignoreExceptionOnPreLoad=false; useStatementFacade=true; }] of Hibernate SessionFactory for HibernateTransactionManager
2018-07-06 18:32:44.849  INFO 14384 --- [main] s.w.s.m.m.a.RequestMappingHandlerMapping : Mapped "{[/Factura]}" onto public java.lang.String cl.taller.serviexpress.web.frontend.controller.FacturaController.index(org.springframework.ui.Model)
2018-07-06 18:32:44.850  INFO 14384 --- [main] s.w.s.m.m.a.RequestMappingHandlerMapping : Mapped "{[/Factura/FiltroFacturas],methods=[GET]}" onto public java.lang.String cl.taller.serviexpress.web.frontend.controller.FacturaController.filtroOrdenCompra(cl.taller.serviexpress.web.frontend.viewmodel.FacturaViewModel,org.springframework.validation.BindingResult,org.springframework.ui.Model)
2018-07-06 18:32:44.850  INFO 14384 --- [main] s.w.s.m.m.a.RequestMappingHandlerMapping : Mapped "{[/Factura/BuscarFactura/{id}],methods=[GET]}" onto public java.lang.String cl.taller.serviexpress.web.frontend.controller.FacturaController.buscarFactura(cl.taller.serviexpress.web.frontend.viewmodel.IdViewModel,org.springframework.validation.BindingResult,org.springframework.ui.Model)
2018-07-06 18:32:44.851  INFO 14384 --- [main] s.w.s.m.m.a.RequestMappingHandlerMapping : Mapped "{[/Factura/CrearFactura],methods=[POST]}" onto public java.lang.String cl.taller.serviexpress.web.frontend.controller.FacturaController.crearFactura(cl.taller.serviexpress.web.frontend.viewmodel.FacturaViewModel,org.springframework.validation.BindingResult,org.springframework.ui.Model)
2018-07-06 18:32:44.851  INFO 14384 --- [main] s.w.s.m.m.a.RequestMappingHandlerMapping : Mapped "{[/Factura/CrearFactura],methods=[GET]}" onto public java.lang.String cl.taller.serviexpress.web.frontend.controller.FacturaController.verCrearFactura(cl.taller.serviexpress.web.frontend.viewmodel.FacturaViewModel,org.springframework.validation.BindingResult,org.springframework.ui.Model)
2018-07-06 18:32:44.854  INFO 14384 --- [main] s.w.s.m.m.a.RequestMappingHandlerMapping : Mapped "{[/OrdenCompra]}" onto public java.lang.String cl.taller.serviexpress.web.frontend.controller.OrdenCompraController.index(org.springframework.ui.Model)
2018-07-06 18:32:44.854  INFO 14384 --- [main] s.w.s.m.m.a.RequestMappingHandlerMapping : Mapped "{[/OrdenCompra/FiltroOrdenes],methods=[GET]}" onto public java.lang.String cl.taller.serviexpress.web.frontend.controller.OrdenCompraController.filtroOrdenCompra(cl.taller.serviexpress.web.frontend.viewmodel.OrdenCompraViewModel,org.springframework.validation.BindingResult,org.springframework.ui.Model)
2018-07-06 18:32:44.862  INFO 14384 --- [main] s.w.s.m.m.a.RequestMappingHandlerMapping : Mapped "{[/OrdenCompra/CrearOrdenCompra],methods=[GET]}" onto public java.lang.String cl.taller.serviexpress.web.frontend.controller.OrdenCompraController.verCrearOrdenCompra(cl.taller.serviexpress.web.frontend.viewmodel.OrdenCompraViewModel,org.springframework.validation.BindingResult,org.springframework.ui.Model)
2018-07-06 18:32:44.863  INFO 14384 --- [main] s.w.s.m.m.a.RequestMappingHandlerMapping : Mapped "{[/OrdenCompra/BuscarOrdenCompra/{id}],methods=[GET]}" onto public java.lang.String cl.taller.serviexpress.web.frontend.controller.OrdenCompraController.buscarOrdenCompra(cl.taller.serviexpress.web.frontend.viewmodel.IdViewModel,org.springframework.validation.BindingResult,org.springframework.ui.Model)
2018-07-06 18:32:44.863  INFO 14384 --- [main] s.w.s.m.m.a.RequestMappingHandlerMapping : Mapped "{[/OrdenCompra/CrearOrdenCompra],methods=[POST]}" onto public java.lang.String cl.taller.serviexpress.web.frontend.controller.OrdenCompraController.crearOrdenCompra(cl.taller.serviexpress.web.frontend.viewmodel.OrdenCompraViewModel,org.springframework.validation.BindingResult,org.springframework.ui.Model)
2018-07-06 18:32:44.869  INFO 14384 --- [main] s.w.s.m.m.a.RequestMappingHandlerMapping : Mapped "{[/Producto]}" onto public java.lang.String cl.taller.serviexpress.web.frontend.controller.ProductoController.index(org.springframework.ui.Model)
2018-07-06 18:32:44.870  INFO 14384 --- [main] s.w.s.m.m.a.RequestMappingHandlerMapping : Mapped "{[/Producto/ActualizarProducto],methods=[POST]}" onto public java.lang.String cl.taller.serviexpress.web.frontend.controller.ProductoController.ActualizarProducto(cl.taller.serviexpress.web.frontend.viewmodel.ProductoViewModel,java.lang.Long,org.springframework.validation.BindingResult,org.springframework.ui.Model)
2018-07-06 18:32:44.870  INFO 14384 --- [main] s.w.s.m.m.a.RequestMappingHandlerMapping : Mapped "{[/Producto/CrearProducto],methods=[GET]}" onto public java.lang.String cl.taller.serviexpress.web.frontend.controller.ProductoController.verCrearProducto(cl.taller.serviexpress.web.frontend.viewmodel.ProductoViewModel,org.springframework.validation.BindingResult,org.springframework.ui.Model)
2018-07-06 18:32:44.871  INFO 14384 --- [main] s.w.s.m.m.a.RequestMappingHandlerMapping : Mapped "{[/Producto/EditarProducto],methods=[GET]}" onto public java.lang.String cl.taller.serviexpress.web.frontend.controller.ProductoController.editarProducto(cl.taller.serviexpress.web.frontend.viewmodel.ProductoViewModel,java.lang.Long,org.springframework.validation.BindingResult,org.springframework.ui.Model)
2018-07-06 18:32:44.871  INFO 14384 --- [main] s.w.s.m.m.a.RequestMappingHandlerMapping : Mapped "{[/Producto/CrearProducto],methods=[POST]}" onto public java.lang.String cl.taller.serviexpress.web.frontend.controller.ProductoController.createProduct(cl.taller.serviexpress.web.frontend.viewmodel.ProductoViewModel,org.springframework.validation.BindingResult,org.springframework.ui.Model)
2018-07-06 18:32:44.873  INFO 14384 --- [main] s.w.s.m.m.a.RequestMappingHandlerMapping : Mapped "{[/Producto/LeerProducto],methods=[GET]}" onto public java.lang.String cl.taller.serviexpress.web.frontend.controller.ProductoController.leerProducto(cl.taller.serviexpress.web.frontend.viewmodel.IdViewModel,org.springframework.validation.BindingResult,org.springframework.ui.Model)
2018-07-06 18:32:44.875  INFO 14384 --- [main] s.w.s.m.m.a.RequestMappingHandlerMapping : Mapped "{[/Recepcion]}" onto public java.lang.String cl.taller.serviexpress.web.frontend.controller.RecepcionController.index(org.springframework.ui.Model)
2018-07-06 18:32:44.875  INFO 14384 --- [main] s.w.s.m.m.a.RequestMappingHandlerMapping : Mapped "{[/Recepcion/CrearRecepcion],methods=[GET]}" onto public java.lang.String cl.taller.serviexpress.web.frontend.controller.RecepcionController.verCrearRecepcion(cl.taller.serviexpress.web.frontend.viewmodel.RecepcionViewModel,org.springframework.validation.BindingResult,org.springframework.ui.Model)
2018-07-06 18:32:44.876  INFO 14384 --- [main] s.w.s.m.m.a.RequestMappingHandlerMapping : Mapped "{[/Recepcion/CrearRecepcion],methods=[POST]}" onto public java.lang.String cl.taller.serviexpress.web.frontend.controller.RecepcionController.createReception(cl.taller.serviexpress.web.frontend.viewmodel.RecepcionViewModel,org.springframework.validation.BindingResult,org.springframework.ui.Model)
2018-07-06 18:32:44.876  INFO 14384 --- [main] s.w.s.m.m.a.RequestMappingHandlerMapping : Mapped "{[/Recepcion/BuscarRecepcionPorOrden/{id}],methods=[GET]}" onto public java.lang.String cl.taller.serviexpress.web.frontend.controller.RecepcionController.buscarRecepcion(cl.taller.serviexpress.web.frontend.viewmodel.RecepcionViewModel,org.springframework.validation.BindingResult,org.springframework.ui.Model)
2018-07-06 18:32:44.878  INFO 14384 --- [main] s.w.s.m.m.a.RequestMappingHandlerMapping : Mapped "{[/Servicio]}" onto public java.lang.String cl.taller.serviexpress.web.frontend.controller.ServicioController.index(org.springframework.ui.Model)
2018-07-06 18:32:44.878  INFO 14384 --- [main] s.w.s.m.m.a.RequestMappingHandlerMapping : Mapped "{[/Servicio/ActualizarServicio],methods=[POST]}" onto public java.lang.String cl.taller.serviexpress.web.frontend.controller.ServicioController.ActualizarUsuario(cl.taller.serviexpress.web.frontend.viewmodel.ServicioViewModel,long,org.springframework.validation.BindingResult,org.springframework.ui.Model)
2018-07-06 18:32:44.878  INFO 14384 --- [main] s.w.s.m.m.a.RequestMappingHandlerMapping : Mapped "{[/Servicio/LeerServicio],methods=[GET]}" onto public java.lang.String cl.taller.serviexpress.web.frontend.controller.ServicioController.leerServicio(cl.taller.serviexpress.web.frontend.viewmodel.IdViewModel,org.springframework.validation.BindingResult,org.springframework.ui.Model)
2018-07-06 18:32:44.882  INFO 14384 --- [main] s.w.s.m.m.a.RequestMappingHandlerMapping : Mapped "{[/Servicio/CrearServicio],methods=[GET]}" onto public java.lang.String cl.taller.serviexpress.web.frontend.controller.ServicioController.verCrearServicio(cl.taller.serviexpress.web.frontend.viewmodel.ServicioViewModel,org.springframework.validation.BindingResult,org.springframework.ui.Model)
2018-07-06 18:32:44.883  INFO 14384 --- [main] s.w.s.m.m.a.RequestMappingHandlerMapping : Mapped "{[/Servicio/CrearServicio],methods=[POST]}" onto public java.lang.String cl.taller.serviexpress.web.frontend.controller.ServicioController.createServicio(cl.taller.serviexpress.web.frontend.viewmodel.ServicioViewModel,org.springframework.validation.BindingResult,org.springframework.ui.Model)
2018-07-06 18:32:44.883  INFO 14384 --- [main] s.w.s.m.m.a.RequestMappingHandlerMapping : Mapped "{[/Servicio/EditarServicio],methods=[GET]}" onto public java.lang.String cl.taller.serviexpress.web.frontend.controller.ServicioController.editarUsuario(cl.taller.serviexpress.web.frontend.viewmodel.ServicioViewModel,java.lang.Long,org.springframework.validation.BindingResult,org.springframework.ui.Model)
2018-07-06 18:32:44.887  INFO 14384 --- [main] s.w.s.m.m.a.RequestMappingHandlerMapping : Mapped "{[/Usuario]}" onto public java.lang.String cl.taller.serviexpress.web.frontend.controller.UserController.index(org.springframework.ui.Model)
2018-07-06 18:32:44.888  INFO 14384 --- [main] s.w.s.m.m.a.RequestMappingHandlerMapping : Mapped "{[/Usuario/ActualizarUsuario],methods=[POST]}" onto public java.lang.String cl.taller.serviexpress.web.frontend.controller.UserController.ActualizarUsuario(cl.taller.serviexpress.web.frontend.viewmodel.UserViewModel,java.lang.String,org.springframework.validation.BindingResult,org.springframework.ui.Model)
2018-07-06 18:32:44.891  INFO 14384 --- [main] s.w.s.m.m.a.RequestMappingHandlerMapping : Mapped "{[/Usuario/LeerUsuario],methods=[GET]}" onto public java.lang.String cl.taller.serviexpress.web.frontend.controller.UserController.leerUsuario(cl.taller.serviexpress.web.frontend.viewmodel.UserViewModel,org.springframework.validation.BindingResult,org.springframework.ui.Model)
2018-07-06 18:32:44.891  INFO 14384 --- [main] s.w.s.m.m.a.RequestMappingHandlerMapping : Mapped "{[/Usuario/CrearUsuario],methods=[POST]}" onto public java.lang.String cl.taller.serviexpress.web.frontend.controller.UserController.createUser(cl.taller.serviexpress.web.frontend.viewmodel.UserViewModel,org.springframework.validation.BindingResult,org.springframework.ui.Model)
2018-07-06 18:32:44.891  INFO 14384 --- [main] s.w.s.m.m.a.RequestMappingHandlerMapping : Mapped "{[/Usuario/BuscarUsuario/{rut}],methods=[GET]}" onto public java.lang.String cl.taller.serviexpress.web.frontend.controller.UserController.buscarUsuario(cl.taller.serviexpress.web.frontend.viewmodel.UserViewModel,org.springframework.validation.BindingResult,org.springframework.ui.Model)
2018-07-06 18:32:44.893  INFO 14384 --- [main] s.w.s.m.m.a.RequestMappingHandlerMapping : Mapped "{[/Usuario/EditarUsuario],methods=[GET]}" onto public java.lang.String cl.taller.serviexpress.web.frontend.controller.UserController.editarUsuario(cl.taller.serviexpress.web.frontend.viewmodel.UserViewModel,java.lang.Long,org.springframework.validation.BindingResult,org.springframework.ui.Model)
2018-07-06 18:32:44.894  INFO 14384 --- [main] s.w.s.m.m.a.RequestMappingHandlerMapping : Mapped "{[/Usuario/CrearUsuario],methods=[GET]}" onto public java.lang.String cl.taller.serviexpress.web.frontend.controller.UserController.verCrearUsuario(cl.taller.serviexpress.web.frontend.viewmodel.UserViewModel,org.springframework.validation.BindingResult,org.springframework.ui.Model)
2018-07-06 18:32:44.896  INFO 14384 --- [main] s.w.s.m.m.a.RequestMappingHandlerMapping : Mapped "{[/login/authenticate],methods=[POST]}" onto public java.lang.String cl.taller.serviexpress.web.frontend.controller.WebAuthController.loginAuth(cl.taller.serviexpress.web.frontend.viewmodel.LoginViewModel,org.springframework.validation.BindingResult,org.springframework.ui.Model,org.springframework.web.servlet.mvc.support.RedirectAttributes)
2018-07-06 18:32:44.898  INFO 14384 --- [main] s.w.s.m.m.a.RequestMappingHandlerMapping : Mapped "{[/login]}" onto public java.lang.String cl.taller.serviexpress.web.frontend.controller.WebAuthController.login(org.springframework.ui.Model)
2018-07-06 18:32:44.905  INFO 14384 --- [main] s.w.s.m.m.a.RequestMappingHandlerMapping : Mapped "{[/error]}" onto public org.springframework.http.ResponseEntity<java.util.Map<java.lang.String, java.lang.Object>> org.springframework.boot.autoconfigure.web.BasicErrorController.error(javax.servlet.http.HttpServletRequest)
2018-07-06 18:32:44.905  INFO 14384 --- [main] s.w.s.m.m.a.RequestMappingHandlerMapping : Mapped "{[/error],produces=[text/html]}" onto public org.springframework.web.servlet.ModelAndView org.springframework.boot.autoconfigure.web.BasicErrorController.errorHtml(javax.servlet.http.HttpServletRequest,javax.servlet.http.HttpServletResponse)
2018-07-06 18:32:45.123  INFO 14384 --- [main] s.w.s.m.m.a.RequestMappingHandlerAdapter : Looking for @ControllerAdvice: org.springframework.boot.context.embedded.AnnotationConfigEmbeddedWebApplicationContext@61d47554: startup date [Fri Jul 06 18:32:05 CLT 2018]; root of context hierarchy
2018-07-06 18:32:45.206  INFO 14384 --- [main] s.w.s.m.m.a.RequestMappingHandlerAdapter : Looking for @ControllerAdvice: org.springframework.boot.context.embedded.AnnotationConfigEmbeddedWebApplicationContext@61d47554: startup date [Fri Jul 06 18:32:05 CLT 2018]; root of context hierarchy
2018-07-06 18:32:45.506  INFO 14384 --- [main] s.w.s.m.m.a.RequestMappingHandlerAdapter : Looking for @ControllerAdvice: org.springframework.boot.context.embedded.AnnotationConfigEmbeddedWebApplicationContext@61d47554: startup date [Fri Jul 06 18:32:05 CLT 2018]; root of context hierarchy
2018-07-06 18:32:45.520  INFO 14384 --- [main] s.w.s.m.m.a.RequestMappingHandlerMapping : Mapped "{[/Factura]}" onto public java.lang.String cl.taller.serviexpress.web.frontend.controller.FacturaController.index(org.springframework.ui.Model)
2018-07-06 18:32:45.521  INFO 14384 --- [main] s.w.s.m.m.a.RequestMappingHandlerMapping : Mapped "{[/Factura/FiltroFacturas],methods=[GET]}" onto public java.lang.String cl.taller.serviexpress.web.frontend.controller.FacturaController.filtroOrdenCompra(cl.taller.serviexpress.web.frontend.viewmodel.FacturaViewModel,org.springframework.validation.BindingResult,org.springframework.ui.Model)
2018-07-06 18:32:45.521  INFO 14384 --- [main] s.w.s.m.m.a.RequestMappingHandlerMapping : Mapped "{[/Factura/BuscarFactura/{id}],methods=[GET]}" onto public java.lang.String cl.taller.serviexpress.web.frontend.controller.FacturaController.buscarFactura(cl.taller.serviexpress.web.frontend.viewmodel.IdViewModel,org.springframework.validation.BindingResult,org.springframework.ui.Model)
2018-07-06 18:32:45.521  INFO 14384 --- [main] s.w.s.m.m.a.RequestMappingHandlerMapping : Mapped "{[/Factura/CrearFactura],methods=[POST]}" onto public java.lang.String cl.taller.serviexpress.web.frontend.controller.FacturaController.crearFactura(cl.taller.serviexpress.web.frontend.viewmodel.FacturaViewModel,org.springframework.validation.BindingResult,org.springframework.ui.Model)
2018-07-06 18:32:45.521  INFO 14384 --- [main] s.w.s.m.m.a.RequestMappingHandlerMapping : Mapped "{[/Factura/CrearFactura],methods=[GET]}" onto public java.lang.String cl.taller.serviexpress.web.frontend.controller.FacturaController.verCrearFactura(cl.taller.serviexpress.web.frontend.viewmodel.FacturaViewModel,org.springframework.validation.BindingResult,org.springframework.ui.Model)
2018-07-06 18:32:45.524  INFO 14384 --- [main] s.w.s.m.m.a.RequestMappingHandlerMapping : Mapped "{[/OrdenCompra]}" onto public java.lang.String cl.taller.serviexpress.web.frontend.controller.OrdenCompraController.index(org.springframework.ui.Model)
2018-07-06 18:32:45.524  INFO 14384 --- [main] s.w.s.m.m.a.RequestMappingHandlerMapping : Mapped "{[/OrdenCompra/FiltroOrdenes],methods=[GET]}" onto public java.lang.String cl.taller.serviexpress.web.frontend.controller.OrdenCompraController.filtroOrdenCompra(cl.taller.serviexpress.web.frontend.viewmodel.OrdenCompraViewModel,org.springframework.validation.BindingResult,org.springframework.ui.Model)
2018-07-06 18:32:45.525  INFO 14384 --- [main] s.w.s.m.m.a.RequestMappingHandlerMapping : Mapped "{[/OrdenCompra/CrearOrdenCompra],methods=[GET]}" onto public java.lang.String cl.taller.serviexpress.web.frontend.controller.OrdenCompraController.verCrearOrdenCompra(cl.taller.serviexpress.web.frontend.viewmodel.OrdenCompraViewModel,org.springframework.validation.BindingResult,org.springframework.ui.Model)
2018-07-06 18:32:45.525  INFO 14384 --- [main] s.w.s.m.m.a.RequestMappingHandlerMapping : Mapped "{[/OrdenCompra/BuscarOrdenCompra/{id}],methods=[GET]}" onto public java.lang.String cl.taller.serviexpress.web.frontend.controller.OrdenCompraController.buscarOrdenCompra(cl.taller.serviexpress.web.frontend.viewmodel.IdViewModel,org.springframework.validation.BindingResult,org.springframework.ui.Model)
2018-07-06 18:32:45.526  INFO 14384 --- [main] s.w.s.m.m.a.RequestMappingHandlerMapping : Mapped "{[/OrdenCompra/CrearOrdenCompra],methods=[POST]}" onto public java.lang.String cl.taller.serviexpress.web.frontend.controller.OrdenCompraController.crearOrdenCompra(cl.taller.serviexpress.web.frontend.viewmodel.OrdenCompraViewModel,org.springframework.validation.BindingResult,org.springframework.ui.Model)
2018-07-06 18:32:45.527  INFO 14384 --- [main] s.w.s.m.m.a.RequestMappingHandlerMapping : Mapped "{[/Producto]}" onto public java.lang.String cl.taller.serviexpress.web.frontend.controller.ProductoController.index(org.springframework.ui.Model)
2018-07-06 18:32:45.528  INFO 14384 --- [main] s.w.s.m.m.a.RequestMappingHandlerMapping : Mapped "{[/Producto/ActualizarProducto],methods=[POST]}" onto public java.lang.String cl.taller.serviexpress.web.frontend.controller.ProductoController.ActualizarProducto(cl.taller.serviexpress.web.frontend.viewmodel.ProductoViewModel,java.lang.Long,org.springframework.validation.BindingResult,org.springframework.ui.Model)
2018-07-06 18:32:45.528  INFO 14384 --- [main] s.w.s.m.m.a.RequestMappingHandlerMapping : Mapped "{[/Producto/CrearProducto],methods=[GET]}" onto public java.lang.String cl.taller.serviexpress.web.frontend.controller.ProductoController.verCrearProducto(cl.taller.serviexpress.web.frontend.viewmodel.ProductoViewModel,org.springframework.validation.BindingResult,org.springframework.ui.Model)
2018-07-06 18:32:45.528  INFO 14384 --- [main] s.w.s.m.m.a.RequestMappingHandlerMapping : Mapped "{[/Producto/EditarProducto],methods=[GET]}" onto public java.lang.String cl.taller.serviexpress.web.frontend.controller.ProductoController.editarProducto(cl.taller.serviexpress.web.frontend.viewmodel.ProductoViewModel,java.lang.Long,org.springframework.validation.BindingResult,org.springframework.ui.Model)
2018-07-06 18:32:45.529  INFO 14384 --- [main] s.w.s.m.m.a.RequestMappingHandlerMapping : Mapped "{[/Producto/CrearProducto],methods=[POST]}" onto public java.lang.String cl.taller.serviexpress.web.frontend.controller.ProductoController.createProduct(cl.taller.serviexpress.web.frontend.viewmodel.ProductoViewModel,org.springframework.validation.BindingResult,org.springframework.ui.Model)
2018-07-06 18:32:45.529  INFO 14384 --- [main] s.w.s.m.m.a.RequestMappingHandlerMapping : Mapped "{[/Producto/LeerProducto],methods=[GET]}" onto public java.lang.String cl.taller.serviexpress.web.frontend.controller.ProductoController.leerProducto(cl.taller.serviexpress.web.frontend.viewmodel.IdViewModel,org.springframework.validation.BindingResult,org.springframework.ui.Model)
2018-07-06 18:32:45.531  INFO 14384 --- [main] s.w.s.m.m.a.RequestMappingHandlerMapping : Mapped "{[/Recepcion]}" onto public java.lang.String cl.taller.serviexpress.web.frontend.controller.RecepcionController.index(org.springframework.ui.Model)
2018-07-06 18:32:45.531  INFO 14384 --- [main] s.w.s.m.m.a.RequestMappingHandlerMapping : Mapped "{[/Recepcion/CrearRecepcion],methods=[GET]}" onto public java.lang.String cl.taller.serviexpress.web.frontend.controller.RecepcionController.verCrearRecepcion(cl.taller.serviexpress.web.frontend.viewmodel.RecepcionViewModel,org.springframework.validation.BindingResult,org.springframework.ui.Model)
2018-07-06 18:32:45.531  INFO 14384 --- [main] s.w.s.m.m.a.RequestMappingHandlerMapping : Mapped "{[/Recepcion/CrearRecepcion],methods=[POST]}" onto public java.lang.String cl.taller.serviexpress.web.frontend.controller.RecepcionController.createReception(cl.taller.serviexpress.web.frontend.viewmodel.RecepcionViewModel,org.springframework.validation.BindingResult,org.springframework.ui.Model)
2018-07-06 18:32:45.531  INFO 14384 --- [main] s.w.s.m.m.a.RequestMappingHandlerMapping : Mapped "{[/Recepcion/BuscarRecepcionPorOrden/{id}],methods=[GET]}" onto public java.lang.String cl.taller.serviexpress.web.frontend.controller.RecepcionController.buscarRecepcion(cl.taller.serviexpress.web.frontend.viewmodel.RecepcionViewModel,org.springframework.validation.BindingResult,org.springframework.ui.Model)
2018-07-06 18:32:45.533  INFO 14384 --- [main] s.w.s.m.m.a.RequestMappingHandlerMapping : Mapped "{[/Servicio]}" onto public java.lang.String cl.taller.serviexpress.web.frontend.controller.ServicioController.index(org.springframework.ui.Model)
2018-07-06 18:32:45.533  INFO 14384 --- [main] s.w.s.m.m.a.RequestMappingHandlerMapping : Mapped "{[/Servicio/ActualizarServicio],methods=[POST]}" onto public java.lang.String cl.taller.serviexpress.web.frontend.controller.ServicioController.ActualizarUsuario(cl.taller.serviexpress.web.frontend.viewmodel.ServicioViewModel,long,org.springframework.validation.BindingResult,org.springframework.ui.Model)
2018-07-06 18:32:45.534  INFO 14384 --- [main] s.w.s.m.m.a.RequestMappingHandlerMapping : Mapped "{[/Servicio/LeerServicio],methods=[GET]}" onto public java.lang.String cl.taller.serviexpress.web.frontend.controller.ServicioController.leerServicio(cl.taller.serviexpress.web.frontend.viewmodel.IdViewModel,org.springframework.validation.BindingResult,org.springframework.ui.Model)
2018-07-06 18:32:45.534  INFO 14384 --- [main] s.w.s.m.m.a.RequestMappingHandlerMapping : Mapped "{[/Servicio/CrearServicio],methods=[GET]}" onto public java.lang.String cl.taller.serviexpress.web.frontend.controller.ServicioController.verCrearServicio(cl.taller.serviexpress.web.frontend.viewmodel.ServicioViewModel,org.springframework.validation.BindingResult,org.springframework.ui.Model)
2018-07-06 18:32:45.534  INFO 14384 --- [main] s.w.s.m.m.a.RequestMappingHandlerMapping : Mapped "{[/Servicio/CrearServicio],methods=[POST]}" onto public java.lang.String cl.taller.serviexpress.web.frontend.controller.ServicioController.createServicio(cl.taller.serviexpress.web.frontend.viewmodel.ServicioViewModel,org.springframework.validation.BindingResult,org.springframework.ui.Model)
2018-07-06 18:32:45.535  INFO 14384 --- [main] s.w.s.m.m.a.RequestMappingHandlerMapping : Mapped "{[/Servicio/EditarServicio],methods=[GET]}" onto public java.lang.String cl.taller.serviexpress.web.frontend.controller.ServicioController.editarUsuario(cl.taller.serviexpress.web.frontend.viewmodel.ServicioViewModel,java.lang.Long,org.springframework.validation.BindingResult,org.springframework.ui.Model)
2018-07-06 18:32:45.536  INFO 14384 --- [main] s.w.s.m.m.a.RequestMappingHandlerMapping : Mapped "{[/Usuario]}" onto public java.lang.String cl.taller.serviexpress.web.frontend.controller.UserController.index(org.springframework.ui.Model)
2018-07-06 18:32:45.540  INFO 14384 --- [main] s.w.s.m.m.a.RequestMappingHandlerMapping : Mapped "{[/Usuario/ActualizarUsuario],methods=[POST]}" onto public java.lang.String cl.taller.serviexpress.web.frontend.controller.UserController.ActualizarUsuario(cl.taller.serviexpress.web.frontend.viewmodel.UserViewModel,java.lang.String,org.springframework.validation.BindingResult,org.springframework.ui.Model)
2018-07-06 18:32:45.541  INFO 14384 --- [main] s.w.s.m.m.a.RequestMappingHandlerMapping : Mapped "{[/Usuario/LeerUsuario],methods=[GET]}" onto public java.lang.String cl.taller.serviexpress.web.frontend.controller.UserController.leerUsuario(cl.taller.serviexpress.web.frontend.viewmodel.UserViewModel,org.springframework.validation.BindingResult,org.springframework.ui.Model)
2018-07-06 18:32:45.542  INFO 14384 --- [main] s.w.s.m.m.a.RequestMappingHandlerMapping : Mapped "{[/Usuario/CrearUsuario],methods=[POST]}" onto public java.lang.String cl.taller.serviexpress.web.frontend.controller.UserController.createUser(cl.taller.serviexpress.web.frontend.viewmodel.UserViewModel,org.springframework.validation.BindingResult,org.springframework.ui.Model)
2018-07-06 18:32:45.543  INFO 14384 --- [main] s.w.s.m.m.a.RequestMappingHandlerMapping : Mapped "{[/Usuario/BuscarUsuario/{rut}],methods=[GET]}" onto public java.lang.String cl.taller.serviexpress.web.frontend.controller.UserController.buscarUsuario(cl.taller.serviexpress.web.frontend.viewmodel.UserViewModel,org.springframework.validation.BindingResult,org.springframework.ui.Model)
2018-07-06 18:32:45.543  INFO 14384 --- [main] s.w.s.m.m.a.RequestMappingHandlerMapping : Mapped "{[/Usuario/EditarUsuario],methods=[GET]}" onto public java.lang.String cl.taller.serviexpress.web.frontend.controller.UserController.editarUsuario(cl.taller.serviexpress.web.frontend.viewmodel.UserViewModel,java.lang.Long,org.springframework.validation.BindingResult,org.springframework.ui.Model)
2018-07-06 18:32:45.543  INFO 14384 --- [main] s.w.s.m.m.a.RequestMappingHandlerMapping : Mapped "{[/Usuario/CrearUsuario],methods=[GET]}" onto public java.lang.String cl.taller.serviexpress.web.frontend.controller.UserController.verCrearUsuario(cl.taller.serviexpress.web.frontend.viewmodel.UserViewModel,org.springframework.validation.BindingResult,org.springframework.ui.Model)
2018-07-06 18:32:45.546  INFO 14384 --- [main] s.w.s.m.m.a.RequestMappingHandlerMapping : Mapped "{[/login/authenticate],methods=[POST]}" onto public java.lang.String cl.taller.serviexpress.web.frontend.controller.WebAuthController.loginAuth(cl.taller.serviexpress.web.frontend.viewmodel.LoginViewModel,org.springframework.validation.BindingResult,org.springframework.ui.Model,org.springframework.web.servlet.mvc.support.RedirectAttributes)
2018-07-06 18:32:45.546  INFO 14384 --- [main] s.w.s.m.m.a.RequestMappingHandlerMapping : Mapped "{[/login]}" onto public java.lang.String cl.taller.serviexpress.web.frontend.controller.WebAuthController.login(org.springframework.ui.Model)
2018-07-06 18:32:45.548  INFO 14384 --- [main] s.w.s.m.m.a.RequestMappingHandlerMapping : Mapped "{[/error]}" onto public org.springframework.http.ResponseEntity<java.util.Map<java.lang.String, java.lang.Object>> org.springframework.boot.autoconfigure.web.BasicErrorController.error(javax.servlet.http.HttpServletRequest)
2018-07-06 18:32:45.549  INFO 14384 --- [main] s.w.s.m.m.a.RequestMappingHandlerMapping : Mapped "{[/error],produces=[text/html]}" onto public org.springframework.web.servlet.ModelAndView org.springframework.boot.autoconfigure.web.BasicErrorController.errorHtml(javax.servlet.http.HttpServletRequest,javax.servlet.http.HttpServletResponse)
2018-07-06 18:32:45.587  INFO 14384 --- [main] o.s.w.s.handler.SimpleUrlHandlerMapping  : Mapped URL path [/webjars/**] onto handler of type [class org.springframework.web.servlet.resource.ResourceHttpRequestHandler]
2018-07-06 18:32:45.587  INFO 14384 --- [main] o.s.w.s.handler.SimpleUrlHandlerMapping  : Mapped URL path [/**] onto handler of type [class org.springframework.web.servlet.resource.ResourceHttpRequestHandler]
2018-07-06 18:32:45.632  INFO 14384 --- [main] o.s.w.s.handler.SimpleUrlHandlerMapping  : Mapped URL path [/**/favicon.ico] onto handler of type [class org.springframework.web.servlet.resource.ResourceHttpRequestHandler]
2018-07-06 18:32:46.482  INFO 14384 --- [main] o.s.j.e.a.AnnotationMBeanExporter        : Registering beans for JMX exposure on startup
2018-07-06 18:32:46.604  INFO 14384 --- [main] s.b.c.e.t.TomcatEmbeddedServletContainer : Tomcat started on port(s): 8001 (http)
2018-07-06 18:32:46.612  INFO 14384 --- [main] c.t.serviexpress.web.frontend.Frontend   : Started Frontend in 42.156 seconds (JVM running for 42.707)
